WARNING: us-central1-a will become unavailable due to maintenance in 10 days.
INFO: Waiting for insert of instance sge1002. Sleeping for 3s.
INFO: Waiting for insert of instance sge1003. Sleeping for 3s.
INFO: Waiting for insert of instance sge1002. Sleeping for 3s.
INFO: Waiting for insert of instance sge1003. Sleeping for 3s.
INFO: Waiting for insert of instance sge1002. Sleeping for 3s.
INFO: Waiting for insert of instance sge1003. Sleeping for 3s.
INFO: Waiting for insert of instance sge1002. Sleeping for 3s.
INFO: Waiting for insert of instance sge1003. Sleeping for 3s.
INFO: Waiting for insert of instance sge1002. Sleeping for 3s.
INFO: Waiting for insert of instance sge1003. Sleeping for 3s.
INFO: Waiting for insert of instance sge1002. Sleeping for 3s.
INFO: Waiting for insert of instance sge1003. Sleeping for 3s.
INFO: Waiting for insert of instance sge1002. Sleeping for 3s.
INFO: Waiting for insert of instance sge1003. Sleeping for 3s.
INFO: Waiting for insert of instance sge1002. Sleeping for 3s.
INFO: Waiting for insert of instance sge1003. Sleeping for 3s.
INFO: Waiting for insert of instance sge1002. Sleeping for 3s.
INFO: Waiting for insert of instance sge1003. Sleeping for 3s.
INFO: Waiting for insert of instance sge1002. Sleeping for 3s.
INFO: Waiting for insert of instance sge1003. Sleeping for 3s.
INFO: Waiting for insert of instance sge1002. Sleeping for 3s.
INFO: Waiting for insert of instance sge1002. Sleeping for 3s.
INFO: Waiting for insert of instance sge1002. Sleeping for 3s.
INFO: Ensuring sge1002 is running.  Will wait to start for: 240 seconds.
INFO: Ensuring sge1003 is running.  Will wait to start for: 240 seconds.

Table of resources:

+---------+------------------------------+---------------+------------------+----------------+--------------+-------+---------------+---------+----------------+
|  name   |         machine-type         |     image     |     network      |   network-ip   | external-ip  | disks |     zone      | status  | status-message |
+---------+------------------------------+---------------+------------------+----------------+--------------+-------+---------------+---------+----------------+
| sge1002 | machineTypes/n1-standard-2-d | images/qtrinh | networks/default | 10.240.146.251 | 108.59.83.59 |       | us-central1-a | RUNNING |                |
| sge1003 | machineTypes/n1-standard-2-d | images/qtrinh | networks/default | 10.240.32.81   | 108.59.80.82 |       | us-central1-a | RUNNING |                |
+---------+------------------------------+---------------+------------------+----------------+--------------+-------+---------------+---------+----------------+

Table of operations:

+------------------------------------------------+---------------+--------+----------------+---------------------------------+-------------------------------+----------------+-------+---------+
|                      name                      |     zone      | status | status-message |             target              |          insert-time          | operation-type | error | warning |
+------------------------------------------------+---------------+--------+----------------+---------------------------------+-------------------------------+----------------+-------+---------+
| operation-1363702193807-4d847a8d5a149-dd4c8db7 | us-central1-a | DONE   |                | us-central1-a/instances/sge1002 | 2013-03-19T07:09:53.807-07:00 | insert         |       |         |
| operation-1363702193951-4d847a8d589d9-d1833603 | us-central1-a | DONE   |                | us-central1-a/instances/sge1003 | 2013-03-19T07:09:53.951-07:00 | insert         |       |         |
+------------------------------------------------+---------------+--------+----------------+---------------------------------+-------------------------------+----------------+-------+---------+
